<?xml version="1.0" encoding="UTF-8"?>
<robot generator="Robot 3.1.2 (Python 3.8.1 on win32)" generated="20210330 11:13:24.302" rpa="false">
<suite id="s1" name="runBasicWebShoppingTestsInChrome" source="C:\dev\workspace\AutomatedTestingTraining\src\test\robotframework\runBasicWebShoppingTestsInChrome.robot">
<test id="s1-t1" name="Check basic features of online web shop">
<kw name="Open Browser To Home page" library="basicWebShoppingTestKeywords">
<kw name="Open Browser" library="SeleniumLibrary">
<doc>Opens a new browser instance to the optional ``url``.</doc>
<arguments>
<arg>${LOGIN URL}</arg>
<arg>${BROWSER}</arg>
</arguments>
<msg timestamp="20210330 11:13:24.847" level="INFO">Opening browser 'Firefox' to base url 'http://localhost:9000'.</msg>
<msg timestamp="20210330 11:13:24.867" level="INFO">Firefox driver log is always forced to to: C:\dev\workspace\AutomatedTestingTraining\src\test\robotframework\geckodriver-1.log</msg>
<kw name="Capture Page Screenshot" library="SeleniumLibrary">
<doc>Takes a screenshot of the current page and embeds it into a log file.</doc>
<msg timestamp="20210330 11:13:27.923" level="INFO">Cannot capture screenshot because no browser is open.</msg>
<status status="PASS" starttime="20210330 11:13:27.923" endtime="20210330 11:13:27.923"></status>
</kw>
<msg timestamp="20210330 11:13:27.995" level="FAIL">SessionNotCreatedException: Message: Unable to find a matching set of capabilities
</msg>
<status status="FAIL" starttime="20210330 11:13:24.847" endtime="20210330 11:13:27.995"></status>
</kw>
<status status="FAIL" starttime="20210330 11:13:24.847" endtime="20210330 11:13:27.995"></status>
</kw>
<kw name="Close Browser" library="SeleniumLibrary" type="teardown">
<doc>Closes the current browser.</doc>
<status status="PASS" starttime="20210330 11:13:27.995" endtime="20210330 11:13:27.995"></status>
</kw>
<status status="FAIL" starttime="20210330 11:13:24.847" endtime="20210330 11:13:27.995" critical="yes">SessionNotCreatedException: Message: Unable to find a matching set of capabilities
</status>
</test>
<doc>Simple product basket example using Selenium run inside Chrome Browser</doc>
<status status="FAIL" starttime="20210330 11:13:24.302" endtime="20210330 11:13:27.995"></status>
</suite>
<statistics>
<total>
<stat pass="0" fail="1">Critical Tests</stat>
<stat pass="0" fail="1">All Tests</stat>
</total>
<tag>
</tag>
<suite>
<stat pass="0" fail="1" id="s1" name="runBasicWebShoppingTestsInChrome">runBasicWebShoppingTestsInChrome</stat>
</suite>
</statistics>
<errors>
</errors>
</robot>
